capacitor-izooto-plugin/android/build/intermediates/manifest_merge_blame_file/debug/processDebugManifest/manifest-merger-blame-debug-report.txt
1<?xml version="1.0" encoding="utf-8"?>
2<manifest xmlns:android="http://schemas.android.com/apk/res/android"
3    xmlns:tools="http://schemas.android.com/tools"
4    package="com.datability.izooto" >
5
6    <uses-sdk android:minSdkVersion="23" />
7
8    <uses-permission android:name="android.permission.ACCESS_NETWORK_STATE" />
8-->src/main/AndroidManifest.xml:3:3-76
8-->src/main/AndroidManifest.xml:3:20-74
9    <uses-permission android:name="android.permission.INTERNET" />
9-->src/main/AndroidManifest.xml:4:3-64
9-->src/main/AndroidManifest.xml:4:20-62
10    <uses-permission android:name="android.permission.POST_NOTIFICATIONS" />
10-->src/main/AndroidManifest.xml:5:3-74
10-->src/main/AndroidManifest.xml:5:20-72
11
12    <application
12-->src/main/AndroidManifest.xml:7:3-11:17
13        android:name="com.datability.izooto.IZootoApplication"
13-->src/main/AndroidManifest.xml:8:5-59
14        android:enableOnBackInvokedCallback="true"
14-->src/main/AndroidManifest.xml:9:5-47
15        tools:targetApi="tiramisu" >
15-->src/main/AndroidManifest.xml:10:5-31
16    </application>
17
18</manifest>